TN:
SF:src\helpers\food-model-helper.ts
FN:1,(empty-report)
FNF:1
FNH:0
FNDA:0,(empty-report)
DA:1,0
DA:2,0
DA:3,0
DA:4,0
DA:5,0
LF:5
LH:0
BRDA:1,0,0,0
BRF:1
BRH:0
end_of_record
TN:
SF:src\models\food-model.ts
FN:3,Food
FN:5,getName
FN:9,getDescription
FN:13,getPrice
FNF:4
FNH:4
FNDA:1,Food
FNDA:1,getName
FNDA:1,getDescription
FNDA:1,getPrice
DA:1,1
DA:2,1
DA:3,1
DA:4,1
DA:5,1
DA:6,1
DA:7,1
DA:8,1
DA:9,1
DA:10,1
DA:11,1
DA:12,1
DA:13,1
DA:14,1
DA:15,1
DA:16,1
LF:16
LH:16
BRDA:3,0,0,1
BRDA:5,1,0,1
BRDA:9,2,0,1
BRDA:13,3,0,1
BRF:4
BRH:4
end_of_record
